Build started 2015/9/19 20:03:33.
     1>Project "E:\C++\calculation_RK\calculation_RK\calculation_RK.vcxproj" on node 2 (Build target(s)).
     1>ClCompile:
         C:\Program Files (x86)\Microsoft Visual Studio 12.0\VC\bin\CL.exe /c /Zi /nologo /W3 /WX- /sdl /O2 /Oi /Oy- /GL /D _MBCS /Gm- /EHsc /MD /GS /Gy /fp:precise /Zc:wchar_t /Zc:forScope /Fo"Release\\" /Fd"Release\vc120.pdb" /Gd /TP /analyze- /errorReport:prompt main.cpp
         main.cpp
     1>main.cpp(64): warning C4305: 'initializing' : truncation from 'double' to 'float'
     1>main.cpp(70): warning C4244: 'return' : conversion from 'double' to 'float', possible loss of data
     1>main.cpp(74): warning C4244: 'return' : conversion from 'double' to 'float', possible loss of data
     1>main.cpp(78): warning C4244: 'return' : conversion from 'double' to 'float', possible loss of data
     1>main.cpp(82): warning C4244: 'return' : conversion from 'double' to 'float', possible loss of data
     1>main.cpp(86): warning C4244: 'return' : conversion from 'double' to 'float', possible loss of data
     1>main.cpp(90): warning C4244: 'return' : conversion from 'double' to 'float', possible loss of data
     1>main.cpp(97): warning C4244: '=' : conversion from 'double' to 'float', possible loss of data
     1>main.cpp(98): warning C4244: 'argument' : conversion from 'double' to 'float', possible loss of data
     1>main.cpp(98): warning C4244: '=' : conversion from 'double' to 'float', possible loss of data
     1>main.cpp(99): warning C4244: 'argument' : conversion from 'double' to 'float', possible loss of data
     1>main.cpp(99): warning C4244: '=' : conversion from 'double' to 'float', possible loss of data
     1>main.cpp(100): warning C4244: 'argument' : conversion from 'double' to 'float', possible loss of data
     1>main.cpp(100): warning C4244: '=' : conversion from 'double' to 'float', possible loss of data
     1>main.cpp(103): warning C4244: '=' : conversion from 'double' to 'float', possible loss of data
     1>main.cpp(104): warning C4244: 'argument' : conversion from 'double' to 'float', possible loss of data
     1>main.cpp(104): warning C4244: '=' : conversion from 'double' to 'float', possible loss of data
     1>main.cpp(105): warning C4244: 'argument' : conversion from 'double' to 'float', possible loss of data
     1>main.cpp(105): warning C4244: '=' : conversion from 'double' to 'float', possible loss of data
     1>main.cpp(106): warning C4244: 'argument' : conversion from 'double' to 'float', possible loss of data
     1>main.cpp(106): warning C4244: '=' : conversion from 'double' to 'float', possible loss of data
     1>main.cpp(110): warning C4244: '=' : conversion from 'double' to 'float', possible loss of data
     1>main.cpp(111): warning C4244: 'argument' : conversion from 'double' to 'float', possible loss of data
     1>main.cpp(111): warning C4244: '=' : conversion from 'double' to 'float', possible loss of data
     1>main.cpp(112): warning C4244: 'argument' : conversion from 'double' to 'float', possible loss of data
     1>main.cpp(112): warning C4244: '=' : conversion from 'double' to 'float', possible loss of data
     1>main.cpp(113): warning C4244: 'argument' : conversion from 'double' to 'float', possible loss of data
     1>main.cpp(113): warning C4244: '=' : conversion from 'double' to 'float', possible loss of data
     1>main.cpp(117): warning C4244: '=' : conversion from 'double' to 'float', possible loss of data
     1>main.cpp(118): warning C4244: 'argument' : conversion from 'double' to 'float', possible loss of data
     1>main.cpp(118): warning C4244: '=' : conversion from 'double' to 'float', possible loss of data
     1>main.cpp(119): warning C4244: 'argument' : conversion from 'double' to 'float', possible loss of data
     1>main.cpp(119): warning C4244: '=' : conversion from 'double' to 'float', possible loss of data
     1>main.cpp(120): warning C4244: 'argument' : conversion from 'double' to 'float', possible loss of data
     1>main.cpp(120): warning C4244: '=' : conversion from 'double' to 'float', possible loss of data
     1>main.cpp(123): warning C4244: '=' : conversion from 'double' to 'float', possible loss of data
     1>main.cpp(124): warning C4244: 'argument' : conversion from 'double' to 'float', possible loss of data
     1>main.cpp(124): warning C4244: '=' : conversion from 'double' to 'float', possible loss of data
     1>main.cpp(125): warning C4244: 'argument' : conversion from 'double' to 'float', possible loss of data
     1>main.cpp(125): warning C4244: '=' : conversion from 'double' to 'float', possible loss of data
     1>main.cpp(126): warning C4244: 'argument' : conversion from 'double' to 'float', possible loss of data
     1>main.cpp(126): warning C4244: '=' : conversion from 'double' to 'float', possible loss of data
     1>main.cpp(130): warning C4244: '=' : conversion from 'double' to 'float', possible loss of data
     1>main.cpp(131): warning C4244: 'argument' : conversion from 'double' to 'float', possible loss of data
     1>main.cpp(131): warning C4244: '=' : conversion from 'double' to 'float', possible loss of data
     1>main.cpp(132): warning C4244: 'argument' : conversion from 'double' to 'float', possible loss of data
     1>main.cpp(132): warning C4244: '=' : conversion from 'double' to 'float', possible loss of data
     1>main.cpp(133): warning C4244: 'argument' : conversion from 'double' to 'float', possible loss of data
     1>main.cpp(133): warning C4244: '=' : conversion from 'double' to 'float', possible loss of data
     1>main.cpp(136): warning C4244: '=' : conversion from 'double' to 'float', possible loss of data
     1>main.cpp(154): warning C4305: 'initializing' : truncation from 'double' to 'float'
     1>main.cpp(156): warning C4244: 'initializing' : conversion from 'double' to 'float', possible loss of data
     1>main.cpp(176): warning C4244: 'initializing' : conversion from 'double' to 'int', possible loss of data
     1>main.cpp(179): warning C4305: 'initializing' : truncation from 'double' to 'float'
     1>main.cpp(196): warning C4244: '=' : conversion from 'double' to 'float', possible loss of data
     1>main.cpp(199): warning C4244: '=' : conversion from 'double' to 'float', possible loss of data
     1>main.cpp(206): warning C4244: '=' : conversion from 'double' to 'float', possible loss of data
     1>main.cpp(209): warning C4244: '=' : conversion from 'double' to 'float', possible loss of data
       Link:
         C:\Program Files (x86)\Microsoft Visual Studio 12.0\VC\bin\link.exe /ERRORREPORT:PROMPT /OUT:"E:\C++\calculation_RK\Release\calculation_RK.exe" /NOLOGO kernel32.lib user32.lib gdi32.lib winspool.lib comdlg32.lib advapi32.lib shell32.lib ole32.lib oleaut32.lib uuid.lib odbc32.lib odbccp32.lib /MANIFEST /MANIFESTUAC:"level='asInvoker' uiAccess='false'" /manifest:embed /DEBUG /PDB:"E:\C++\calculation_RK\Release\calculation_RK.pdb" /OPT:REF /OPT:ICF /LTCG /TLBID:1 /DYNAMICBASE /NXCOMPAT /IMPLIB:"E:\C++\calculation_RK\Release\calculation_RK.lib" /MACHINE:X86 /SAFESEH Release\main.obj
         Generating code
         Finished generating code
         calculation_RK.vcxproj -> E:\C++\calculation_RK\Release\calculation_RK.exe
     1>Done Building Project "E:\C++\calculation_RK\calculation_RK\calculation_RK.vcxproj" (Build target(s)).

Build succeeded.

Time Elapsed 00:00:01.20
